<?xml version="1.0" encoding="UTF-8"?>
<!-- Generated by org.testng.reporters.JUnitXMLReporter -->
<testsuite ignored="0" hostname="LAPTOP-B8TJUCIE" failures="0" tests="10" name="Test" time="378.153" errors="0" timestamp="2024-02-07T18:10:57 IST">
  <testcase classname="com.AHM.TestCases.TC_LoginTest" name="verifyLogin" time="8.476"/>
  <testcase classname="com.AHM.TestCases.TC_AddWorkHoursAndCreateAppointment" name="addWorkHours" time="63.923"/>
  <testcase classname="com.AHM.TestCases.TC_AddWorkHoursAndCreateAppointment" name="createAppointment" time="2.934"/>
  <testcase classname="com.AHM.TestCases.TC_BrainHealthChallenge" name="brainHealthChallenge" time="36.115"/>
  <testcase classname="com.AHM.TestCases.TC_CreateInjuryReport" name="createInjuryReport" time="20.864"/>
  <testcase classname="com.AHM.TestCases.TC_CreatePhyioTherapist" name="createPhysioTherapist" time="54.646"/>
  <testcase classname="com.AHM.TestCases.TC_InjuryReportCreatedByPhysio" name="createInjuryReportByPhysio" time="19.745"/>
  <testcase classname="com.AHM.TestCases.TC_ChangeReadinessLevel" name="changeReadinessLevel" time="30.463"/>
  <testcase classname="com.AHM.TestCases.TC_Messages" name="sendMessages" time="34.597"/>
  <testcase classname="com.AHM.TestCases.TC_AddQuestionSet" name="addQuestionSet" time="34.597"/>
</testsuite> <!-- Test -->
